E:\PROJECTS\COEF_GEN\MAIN_OLD_VISUAL\MAIN\MAIN\DEBUG\MAIN.OBJ
E:\PROJECTS\COEF_GEN\MAIN_OLD_VISUAL\MAIN\MAIN\DEBUG\VC110.PDB
E:\PROJECTS\COEF_GEN\MAIN_OLD_VISUAL\MAIN\DEBUG\MAIN.ILK
E:\PROJECTS\COEF_GEN\MAIN_OLD_VISUAL\MAIN\DEBUG\MAIN.EXE
E:\PROJECTS\COEF_GEN\MAIN_OLD_VISUAL\MAIN\DEBUG\MAIN.PDB
E:\Projects\COEF_GEN\MAIN_old_visual\main\main\Debug\main.obj
E:\Projects\COEF_GEN\MAIN_old_visual\main\main\Debug\cl.command.1.tlog
E:\Projects\COEF_GEN\MAIN_old_visual\main\main\Debug\CL.read.1.tlog
E:\Projects\COEF_GEN\MAIN_old_visual\main\main\Debug\CL.write.1.tlog
E:\Projects\COEF_GEN\MAIN_old_visual\main\main\Debug\link-cvtres.read.1.tlog
E:\Projects\COEF_GEN\MAIN_old_visual\main\main\Debug\link-cvtres.write.1.tlog
E:\Projects\COEF_GEN\MAIN_old_visual\main\main\Debug\link-rc.read.1.tlog
E:\Projects\COEF_GEN\MAIN_old_visual\main\main\Debug\link-rc.write.1.tlog
E:\Projects\COEF_GEN\MAIN_old_visual\main\main\Debug\link.command.1.tlog
E:\Projects\COEF_GEN\MAIN_old_visual\main\main\Debug\link.read.1.tlog
E:\Projects\COEF_GEN\MAIN_old_visual\main\main\Debug\link.write.1.tlog
E:\Projects\COEF_GEN\MAIN_old_visual\main\main\Debug\vc110.idb
E:\Projects\COEF_GEN\MAIN_old_visual\main\main\Debug\vc110.pdb
E:\Projects\COEF_GEN\MAIN_old_visual\main\Debug\main.pdb
E:\Projects\COEF_GEN\MAIN_old_visual\main\Debug\main.exe
E:\Projects\COEF_GEN\MAIN_old_visual\main\Debug\main.ilk
